#! /c/Source/iverilog-install/bin/vvp
:ivl_version "12.0 (devel)" "(s20150603-1539-g2693dd32b)";
:ivl_delay_selection "TYPICAL";
:vpi_time_precision + 0;
:vpi_module "C:\iverilog\lib\ivl\system.vpi";
:vpi_module "C:\iverilog\lib\ivl\vhdl_sys.vpi";
:vpi_module "C:\iverilog\lib\ivl\vhdl_textio.vpi";
:vpi_module "C:\iverilog\lib\ivl\v2005_math.vpi";
:vpi_module "C:\iverilog\lib\ivl\va_math.vpi";
S_000002056d19f670 .scope module, "traffic_control_tb" "traffic_control_tb" 2 1;
 .timescale 0 0;
v000002056d2160f0_0 .var "clk", 0 0;
v000002056d216230_0 .net "ew_light", 2 0, v000002056d1ac4b0_0;  1 drivers
v000002056d2162d0_0 .net "ns_light", 2 0, v000002056d216190_0;  1 drivers
v000002056d217880_0 .var "reset", 0 0;
S_000002056d1b8280 .scope module, "DUT" "traffic_control" 2 9, 3 1 0, S_000002056d19f670;
 .timescale 0 0;
    .port_info 0 /INPUT 1 "clk";
    .port_info 1 /INPUT 1 "reset";
    .port_info 2 /OUTPUT 3 "ns_light";
    .port_info 3 /OUTPUT 3 "ew_light";
v000002056d216870_0 .net "clk", 0 0, v000002056d2160f0_0;  1 drivers
v000002056d2164b0_0 .net "clk_10hz", 0 0, v000002056d1a41e0_0;  1 drivers
v000002056d216730_0 .net "clk_1hz", 0 0, v000002056d19c860_0;  1 drivers
v000002056d216550_0 .net "clk_1khz", 0 0, v000002056d19aa50_0;  1 drivers
v000002056d216eb0_0 .net "clk_2hz", 0 0, v000002056d19f800_0;  1 drivers
v000002056d216410_0 .net "done", 0 0, v000002056d2167d0_0;  1 drivers
v000002056d216d70_0 .net "ew_light", 2 0, v000002056d1ac4b0_0;  alias, 1 drivers
v000002056d216910_0 .net "ns_light", 2 0, v000002056d216190_0;  alias, 1 drivers
v000002056d216f50_0 .net "reset", 0 0, v000002056d217880_0;  1 drivers
v000002056d216ff0_0 .net "time_value", 6 0, v000002056d2169b0_0;  1 drivers
v000002056d2165f0_0 .net "timer_enable", 0 0, v000002056d216370_0;  1 drivers
S_000002056d1b8410 .scope module, "clkdiv_inst" "clk_divider" 3 17, 4 1 0, S_000002056d1b8280;
 .timescale 0 0;
    .port_info 0 /INPUT 1 "clk";
    .port_info 1 /INPUT 1 "reset";
    .port_info 2 /OUTPUT 1 "clk_1hz";
    .port_info 3 /OUTPUT 1 "clk_2hz";
    .port_info 4 /OUTPUT 1 "clk_10hz";
    .port_info 5 /OUTPUT 1 "clk_1khz";
P_000002056d197470 .param/l "CLK_FREQ" 0 4 10, +C4<00000101111101011110000100000000>;
P_000002056d1974a8 .param/l "DIV_10HZ" 1 4 13, +C4<0000000000000000000000000000000000000000010011000100101101000000>;
P_000002056d1974e0 .param/l "DIV_1HZ" 1 4 11, +C4<0000000000000000000000000000000000000010111110101111000010000000>;
P_000002056d197518 .param/l "DIV_1KHZ" 1 4 14, +C4<0000000000000000000000000000000000000000000000001100001101010000>;
P_000002056d197550 .param/l "DIV_2HZ" 1 4 12, +C4<0000000000000000000000000000000000000001011111010111100001000000>;
v000002056d19c3b0_0 .net "clk", 0 0, v000002056d2160f0_0;  alias, 1 drivers
v000002056d1a41e0_0 .var "clk_10hz", 0 0;
v000002056d19c860_0 .var "clk_1hz", 0 0;
v000002056d19aa50_0 .var "clk_1khz", 0 0;
v000002056d19f800_0 .var "clk_2hz", 0 0;
v000002056d199900_0 .var "count_10hz", 31 0;
v000002056d1999a0_0 .var "count_1hz", 31 0;
v000002056d1b85a0_0 .var "count_1khz", 31 0;
v000002056d1b8640_0 .var "count_2hz", 31 0;
v000002056d1a8fb0_0 .net "reset", 0 0, v000002056d217880_0;  alias, 1 drivers
E_000002056d1a13f0 .event posedge, v000002056d19c3b0_0;
S_000002056d1a9050 .scope module, "tfsm_inst" "traffic_fsm" 3 19, 5 1 0, S_000002056d1b8280;
 .timescale 0 0;
    .port_info 0 /INPUT 1 "clk";
    .port_info 1 /INPUT 1 "reset";
    .port_info 2 /INPUT 1 "done";
    .port_info 3 /OUTPUT 1 "timer_enable";
    .port_info 4 /OUTPUT 7 "time_value";
    .port_info 5 /OUTPUT 3 "ns_light";
    .port_info 6 /OUTPUT 3 "ew_light";
P_000002056d1a91e0 .param/l "EW_GREEN" 0 5 18, C4<10>;
P_000002056d1a9218 .param/l "EW_YELLOW" 0 5 19, C4<11>;
P_000002056d1a9250 .param/l "GREEN" 0 5 12, C4<001>;
P_000002056d1a9288 .param/l "NS_GREEN" 0 5 16, C4<00>;
P_000002056d1a92c0 .param/l "NS_YELLOW" 0 5 17, C4<01>;
P_000002056d1a92f8 .param/l "RED" 0 5 14, C4<100>;
P_000002056d1a9330 .param/l "YELLOW" 0 5 13, C4<010>;
v000002056d1a9370_0 .net "clk", 0 0, v000002056d2160f0_0;  alias, 1 drivers
v000002056d1ac410_0 .net "done", 0 0, v000002056d2167d0_0;  alias, 1 drivers
v000002056d1ac4b0_0 .var "ew_light", 2 0;
v000002056d1ac550_0 .var "next_state", 1 0;
v000002056d216190_0 .var "ns_light", 2 0;
v000002056d216690_0 .net "reset", 0 0, v000002056d217880_0;  alias, 1 drivers
v000002056d216e10_0 .var "state", 1 0;
v000002056d2169b0_0 .var "time_value", 6 0;
v000002056d216370_0 .var "timer_enable", 0 0;
E_000002056d1a0cf0 .event anyedge, v000002056d216e10_0;
E_000002056d1a11b0 .event anyedge, v000002056d216e10_0, v000002056d1ac410_0;
S_000002056d1ac5f0 .scope module, "tim_inst" "timer" 3 18, 6 1 0, S_000002056d1b8280;
 .timescale 0 0;
    .port_info 0 /INPUT 1 "clk";
    .port_info 1 /INPUT 1 "reset";
    .port_info 2 /INPUT 1 "enable";
    .port_info 3 /INPUT 7 "time_value";
    .port_info 4 /OUTPUT 1 "done";
v000002056d216a50_0 .net "clk", 0 0, v000002056d2160f0_0;  alias, 1 drivers
v000002056d216af0_0 .var "count", 6 0;
v000002056d2167d0_0 .var "done", 0 0;
v000002056d216b90_0 .net "enable", 0 0, v000002056d216370_0;  alias, 1 drivers
v000002056d216c30_0 .net "reset", 0 0, v000002056d217880_0;  alias, 1 drivers
v000002056d216cd0_0 .net "time_value", 6 0, v000002056d2169b0_0;  alias, 1 drivers
    .scope S_000002056d1b8410;
T_0 ;
    %wait E_000002056d1a13f0;
    %load/vec4 v000002056d1a8fb0_0;
    %flag_set/vec4 8;
    %jmp/0xz  T_0.0, 8;
    %pushi/vec4 0, 0, 32;
    %assign/vec4 v000002056d1999a0_0, 0;
    %pushi/vec4 0, 0, 1;
    %assign/vec4 v000002056d19c860_0, 0;
    %jmp T_0.1;
T_0.0 ;
    %load/vec4 v000002056d1999a0_0;
    %pad/u 64;
    %cmpi/e 49999999, 0, 64;
    %jmp/0xz  T_0.2, 4;
    %pushi/vec4 0, 0, 32;
    %assign/vec4 v000002056d1999a0_0, 0;
    %load/vec4 v000002056d19c860_0;
    %inv;
    %assign/vec4 v000002056d19c860_0, 0;
    %jmp T_0.3;
T_0.2 ;
    %load/vec4 v000002056d1999a0_0;
    %addi 1, 0, 32;
    %assign/vec4 v000002056d1999a0_0, 0;
T_0.3 ;
T_0.1 ;
    %jmp T_0;
    .thread T_0;
    .scope S_000002056d1b8410;
T_1 ;
    %wait E_000002056d1a13f0;
    %load/vec4 v000002056d1a8fb0_0;
    %flag_set/vec4 8;
    %jmp/0xz  T_1.0, 8;
    %pushi/vec4 0, 0, 32;
    %assign/vec4 v000002056d1b8640_0, 0;
    %pushi/vec4 0, 0, 1;
    %assign/vec4 v000002056d19f800_0, 0;
    %jmp T_1.1;
T_1.0 ;
    %load/vec4 v000002056d1b8640_0;
    %pad/u 64;
    %cmpi/e 24999999, 0, 64;
    %jmp/0xz  T_1.2, 4;
    %pushi/vec4 0, 0, 32;
    %assign/vec4 v000002056d1b8640_0, 0;
    %load/vec4 v000002056d19f800_0;
    %inv;
    %assign/vec4 v000002056d19f800_0, 0;
    %jmp T_1.3;
T_1.2 ;
    %load/vec4 v000002056d1b8640_0;
    %addi 1, 0, 32;
    %assign/vec4 v000002056d1b8640_0, 0;
T_1.3 ;
T_1.1 ;
    %jmp T_1;
    .thread T_1;
    .scope S_000002056d1b8410;
T_2 ;
    %wait E_000002056d1a13f0;
    %load/vec4 v000002056d1a8fb0_0;
    %flag_set/vec4 8;
    %jmp/0xz  T_2.0, 8;
    %pushi/vec4 0, 0, 32;
    %assign/vec4 v000002056d199900_0, 0;
    %pushi/vec4 0, 0, 1;
    %assign/vec4 v000002056d1a41e0_0, 0;
    %jmp T_2.1;
T_2.0 ;
    %load/vec4 v000002056d199900_0;
    %pad/u 64;
    %cmpi/e 4999999, 0, 64;
    %jmp/0xz  T_2.2, 4;
    %pushi/vec4 0, 0, 32;
    %assign/vec4 v000002056d199900_0, 0;
    %load/vec4 v000002056d1a41e0_0;
    %inv;
    %assign/vec4 v000002056d1a41e0_0, 0;
    %jmp T_2.3;
T_2.2 ;
    %load/vec4 v000002056d199900_0;
    %addi 1, 0, 32;
    %assign/vec4 v000002056d199900_0, 0;
T_2.3 ;
T_2.1 ;
    %jmp T_2;
    .thread T_2;
    .scope S_000002056d1b8410;
T_3 ;
    %wait E_000002056d1a13f0;
    %load/vec4 v000002056d1a8fb0_0;
    %flag_set/vec4 8;
    %jmp/0xz  T_3.0, 8;
    %pushi/vec4 0, 0, 32;
    %assign/vec4 v000002056d1b85a0_0, 0;
    %pushi/vec4 0, 0, 1;
    %assign/vec4 v000002056d19aa50_0, 0;
    %jmp T_3.1;
T_3.0 ;
    %load/vec4 v000002056d1b85a0_0;
    %pad/u 64;
    %cmpi/e 49999, 0, 64;
    %jmp/0xz  T_3.2, 4;
    %pushi/vec4 0, 0, 32;
    %assign/vec4 v000002056d1b85a0_0, 0;
    %load/vec4 v000002056d19aa50_0;
    %inv;
    %assign/vec4 v000002056d19aa50_0, 0;
    %jmp T_3.3;
T_3.2 ;
    %load/vec4 v000002056d1b85a0_0;
    %addi 1, 0, 32;
    %assign/vec4 v000002056d1b85a0_0, 0;
T_3.3 ;
T_3.1 ;
    %jmp T_3;
    .thread T_3;
    .scope S_000002056d1ac5f0;
T_4 ;
    %wait E_000002056d1a13f0;
    %load/vec4 v000002056d216c30_0;
    %flag_set/vec4 8;
    %jmp/0xz  T_4.0, 8;
    %pushi/vec4 0, 0, 7;
    %assign/vec4 v000002056d216af0_0, 0;
    %pushi/vec4 0, 0, 1;
    %assign/vec4 v000002056d2167d0_0, 0;
    %jmp T_4.1;
T_4.0 ;
    %pushi/vec4 0, 0, 1;
    %assign/vec4 v000002056d2167d0_0, 0;
    %load/vec4 v000002056d216b90_0;
    %flag_set/vec4 8;
    %jmp/0xz  T_4.2, 8;
    %load/vec4 v000002056d216af0_0;
    %pad/u 32;
    %addi 1, 0, 32;
    %load/vec4 v000002056d216cd0_0;
    %pad/u 32;
    %cmp/e;
    %jmp/0xz  T_4.4, 4;
    %pushi/vec4 1, 0, 1;
    %assign/vec4 v000002056d2167d0_0, 0;
    %pushi/vec4 0, 0, 7;
    %assign/vec4 v000002056d216af0_0, 0;
    %jmp T_4.5;
T_4.4 ;
    %load/vec4 v000002056d216af0_0;
    %addi 1, 0, 7;
    %assign/vec4 v000002056d216af0_0, 0;
T_4.5 ;
T_4.2 ;
T_4.1 ;
    %jmp T_4;
    .thread T_4;
    .scope S_000002056d1a9050;
T_5 ;
    %wait E_000002056d1a13f0;
    %load/vec4 v000002056d216690_0;
    %flag_set/vec4 8;
    %jmp/0xz  T_5.0, 8;
    %pushi/vec4 0, 0, 2;
    %assign/vec4 v000002056d216e10_0, 0;
    %jmp T_5.1;
T_5.0 ;
    %load/vec4 v000002056d1ac550_0;
    %assign/vec4 v000002056d216e10_0, 0;
T_5.1 ;
    %jmp T_5;
    .thread T_5;
    .scope S_000002056d1a9050;
T_6 ;
    %wait E_000002056d1a11b0;
    %load/vec4 v000002056d216e10_0;
    %dup/vec4;
    %pushi/vec4 0, 0, 2;
    %cmp/u;
    %jmp/1 T_6.0, 6;
    %dup/vec4;
    %pushi/vec4 1, 0, 2;
    %cmp/u;
    %jmp/1 T_6.1, 6;
    %dup/vec4;
    %pushi/vec4 2, 0, 2;
    %cmp/u;
    %jmp/1 T_6.2, 6;
    %dup/vec4;
    %pushi/vec4 3, 0, 2;
    %cmp/u;
    %jmp/1 T_6.3, 6;
    %pushi/vec4 0, 0, 2;
    %store/vec4 v000002056d1ac550_0, 0, 2;
    %jmp T_6.5;
T_6.0 ;
    %load/vec4 v000002056d1ac410_0;
    %flag_set/vec4 8;
    %jmp/0 T_6.6, 8;
    %pushi/vec4 1, 0, 2;
    %jmp/1 T_6.7, 8;
T_6.6 ; End of true expr.
    %pushi/vec4 0, 0, 2;
    %jmp/0 T_6.7, 8;
 ; End of false expr.
    %blend;
T_6.7;
    %store/vec4 v000002056d1ac550_0, 0, 2;
    %jmp T_6.5;
T_6.1 ;
    %load/vec4 v000002056d1ac410_0;
    %flag_set/vec4 8;
    %jmp/0 T_6.8, 8;
    %pushi/vec4 2, 0, 2;
    %jmp/1 T_6.9, 8;
T_6.8 ; End of true expr.
    %pushi/vec4 1, 0, 2;
    %jmp/0 T_6.9, 8;
 ; End of false expr.
    %blend;
T_6.9;
    %store/vec4 v000002056d1ac550_0, 0, 2;
    %jmp T_6.5;
T_6.2 ;
    %load/vec4 v000002056d1ac410_0;
    %flag_set/vec4 8;
    %jmp/0 T_6.10, 8;
    %pushi/vec4 3, 0, 2;
    %jmp/1 T_6.11, 8;
T_6.10 ; End of true expr.
    %pushi/vec4 2, 0, 2;
    %jmp/0 T_6.11, 8;
 ; End of false expr.
    %blend;
T_6.11;
    %store/vec4 v000002056d1ac550_0, 0, 2;
    %jmp T_6.5;
T_6.3 ;
    %load/vec4 v000002056d1ac410_0;
    %flag_set/vec4 8;
    %jmp/0 T_6.12, 8;
    %pushi/vec4 0, 0, 2;
    %jmp/1 T_6.13, 8;
T_6.12 ; End of true expr.
    %pushi/vec4 3, 0, 2;
    %jmp/0 T_6.13, 8;
 ; End of false expr.
    %blend;
T_6.13;
    %store/vec4 v000002056d1ac550_0, 0, 2;
    %jmp T_6.5;
T_6.5 ;
    %pop/vec4 1;
    %jmp T_6;
    .thread T_6, $push;
    .scope S_000002056d1a9050;
T_7 ;
    %wait E_000002056d1a0cf0;
    %pushi/vec4 1, 0, 1;
    %store/vec4 v000002056d216370_0, 0, 1;
    %pushi/vec4 4, 0, 3;
    %store/vec4 v000002056d216190_0, 0, 3;
    %pushi/vec4 4, 0, 3;
    %store/vec4 v000002056d1ac4b0_0, 0, 3;
    %pushi/vec4 0, 0, 7;
    %store/vec4 v000002056d2169b0_0, 0, 7;
    %load/vec4 v000002056d216e10_0;
    %dup/vec4;
    %pushi/vec4 0, 0, 2;
    %cmp/u;
    %jmp/1 T_7.0, 6;
    %dup/vec4;
    %pushi/vec4 1, 0, 2;
    %cmp/u;
    %jmp/1 T_7.1, 6;
    %dup/vec4;
    %pushi/vec4 2, 0, 2;
    %cmp/u;
    %jmp/1 T_7.2, 6;
    %dup/vec4;
    %pushi/vec4 3, 0, 2;
    %cmp/u;
    %jmp/1 T_7.3, 6;
    %jmp T_7.4;
T_7.0 ;
    %pushi/vec4 1, 0, 3;
    %store/vec4 v000002056d216190_0, 0, 3;
    %pushi/vec4 4, 0, 3;
    %store/vec4 v000002056d1ac4b0_0, 0, 3;
    %pushi/vec4 5, 0, 7;
    %store/vec4 v000002056d2169b0_0, 0, 7;
    %jmp T_7.4;
T_7.1 ;
    %pushi/vec4 2, 0, 3;
    %store/vec4 v000002056d216190_0, 0, 3;
    %pushi/vec4 4, 0, 3;
    %store/vec4 v000002056d1ac4b0_0, 0, 3;
    %pushi/vec4 2, 0, 7;
    %store/vec4 v000002056d2169b0_0, 0, 7;
    %jmp T_7.4;
T_7.2 ;
    %pushi/vec4 4, 0, 3;
    %store/vec4 v000002056d216190_0, 0, 3;
    %pushi/vec4 1, 0, 3;
    %store/vec4 v000002056d1ac4b0_0, 0, 3;
    %pushi/vec4 5, 0, 7;
    %store/vec4 v000002056d2169b0_0, 0, 7;
    %jmp T_7.4;
T_7.3 ;
    %pushi/vec4 4, 0, 3;
    %store/vec4 v000002056d216190_0, 0, 3;
    %pushi/vec4 2, 0, 3;
    %store/vec4 v000002056d1ac4b0_0, 0, 3;
    %pushi/vec4 2, 0, 7;
    %store/vec4 v000002056d2169b0_0, 0, 7;
    %jmp T_7.4;
T_7.4 ;
    %pop/vec4 1;
    %jmp T_7;
    .thread T_7, $push;
    .scope S_000002056d19f670;
T_8 ;
    %delay 5, 0;
    %load/vec4 v000002056d2160f0_0;
    %inv;
    %store/vec4 v000002056d2160f0_0, 0, 1;
    %jmp T_8;
    .thread T_8;
    .scope S_000002056d19f670;
T_9 ;
    %vpi_call 2 21 "$dumpfile", "traffic_control.vcd" {0 0 0};
    %vpi_call 2 22 "$dumpvars", 32'sb00000000000000000000000000000000, S_000002056d19f670 {0 0 0};
    %end;
    .thread T_9;
    .scope S_000002056d19f670;
T_10 ;
    %vpi_call 2 27 "$monitor", "Time=%0t | State=%b | NS=%b | EW=%b | Timer=%0d | Done=%b", $time, v000002056d216e10_0, v000002056d2162d0_0, v000002056d216230_0, v000002056d216ff0_0, v000002056d216410_0 {0 0 0};
    %end;
    .thread T_10;
    .scope S_000002056d19f670;
T_11 ;
    %pushi/vec4 0, 0, 1;
    %store/vec4 v000002056d2160f0_0, 0, 1;
    %pushi/vec4 1, 0, 1;
    %store/vec4 v000002056d217880_0, 0, 1;
    %delay 20, 0;
    %pushi/vec4 0, 0, 1;
    %store/vec4 v000002056d217880_0, 0, 1;
    %delay 400, 0;
    %vpi_call 2 47 "$finish" {0 0 0};
    %end;
    .thread T_11;
# The file index is used to find the file name in the following table.
:file_names 7;
    "N/A";
    "<interactive>";
    "tb.v";
    "topmodule.v";
    "Clk_divider.v";
    "trafficfsm.v";
    "timer.v";
